{
  message: 'Escuchando puerto 8080 con logger',
  level: 'information',
  timestamp: '2024-03-05T16:10:48.686Z'
}
{
  message: 'Test error',
  level: 'error',
  timestamp: '2024-03-05T16:10:48.689Z'
}
{
  message: 'Conectado a la DB',
  level: 'information',
  timestamp: '2024-03-05T16:10:59.484Z'
}
{
  message: {
    status: 'success',
    payload: 12,
    totalPages: 2,
    prevPage: null,
    nextPage: 2,
    page: 1,
    hasPrevPage: null,
    hasNextPage: true,
    prevLink: null,
    nextLink: 'http://localhost:8080/api/products?page=2'
  },
  level: 'information',
  timestamp: '2024-03-05T16:13:20.743Z'
}
{
  message: 'Escuchando puerto 8080 con logger',
  level: 'information',
  timestamp: '2024-03-05T16:14:48.219Z'
}
{
  message: 'Test error',
  level: 'error',
  timestamp: '2024-03-05T16:14:48.222Z'
}
{
  message: 'Conectado a la DB',
  level: 'information',
  timestamp: '2024-03-05T16:15:03.515Z'
}
{
  message: 'Escuchando puerto 8080 con logger',
  level: 'information',
  timestamp: '2024-03-05T16:15:05.833Z'
}
{
  message: 'Test error',
  level: 'error',
  timestamp: '2024-03-05T16:15:05.835Z'
}
{
  message: 'Conectado a la DB',
  level: 'information',
  timestamp: '2024-03-05T16:15:40.980Z'
}
{
  message: {
    status: 'success',
    payload: 12,
    totalPages: 2,
    prevPage: null,
    nextPage: 2,
    page: 1,
    hasPrevPage: null,
    hasNextPage: true,
    prevLink: null,
    nextLink: 'http://localhost:8080/api/products?page=2'
  },
  level: 'information',
  timestamp: '2024-03-05T16:18:41.210Z'
}
